2024/01/24 19:16:45 [INFO]msghandler.go:232: Add Router msgID = 10000
2024/01/24 19:16:45 [INFO]server.go:363: [START] Server name: SceneServer,listener at IP: 0.0.0.0, Port 8999 is starting
2024/01/24 19:16:45 [INFO]msghandler.go:272: Worker ID = 0 is started.
2024/01/24 19:16:45 [INFO]msghandler.go:272: Worker ID = 2 is started.
2024/01/24 19:16:45 [INFO]msghandler.go:272: Worker ID = 3 is started.
2024/01/24 19:16:45 [INFO]msghandler.go:272: Worker ID = 1 is started.
2024/01/24 19:16:45 [INFO]msghandler.go:272: Worker ID = 4 is started.
2024/01/24 19:16:45 [INFO]msghandler.go:272: Worker ID = 5 is started.
2024/01/24 19:16:45 [INFO]msghandler.go:272: Worker ID = 6 is started.
2024/01/24 19:16:45 [INFO]msghandler.go:272: Worker ID = 7 is started.
2024/01/24 19:16:45 [INFO]msghandler.go:272: Worker ID = 8 is started.
2024/01/24 19:16:45 [INFO]msghandler.go:272: Worker ID = 9 is started.
2024/01/24 19:16:59 [INFO]connmanager.go:26: connection add to ConnManager successfully: conn num = 1
2024/01/24 19:16:59 [INFO]connection.go:515: ZINX CallOnConnStart....
2024/01/24 19:16:59 [INFO]connection.go:213: [Reader Goroutine is running]
2024/01/24 19:16:59 [DEBUG]connection.go:239: read buffer 00002710000000080a06e99480e688b7 
2024/01/24 19:17:17 [INFO]msghandler.go:232: Add Router msgID = 10000
2024/01/24 19:17:17 [INFO]server.go:363: [START] Server name: SceneServer,listener at IP: 0.0.0.0, Port 8999 is starting
2024/01/24 19:17:17 [INFO]msghandler.go:272: Worker ID = 0 is started.
2024/01/24 19:17:17 [INFO]msghandler.go:272: Worker ID = 1 is started.
2024/01/24 19:17:17 [INFO]msghandler.go:272: Worker ID = 3 is started.
2024/01/24 19:17:17 [INFO]msghandler.go:272: Worker ID = 2 is started.
2024/01/24 19:17:17 [INFO]msghandler.go:272: Worker ID = 4 is started.
2024/01/24 19:17:17 [INFO]msghandler.go:272: Worker ID = 5 is started.
2024/01/24 19:17:17 [INFO]msghandler.go:272: Worker ID = 6 is started.
2024/01/24 19:17:17 [INFO]msghandler.go:272: Worker ID = 7 is started.
2024/01/24 19:17:17 [INFO]msghandler.go:272: Worker ID = 8 is started.
2024/01/24 19:17:17 [INFO]msghandler.go:272: Worker ID = 9 is started.
2024/01/24 19:17:25 [INFO]connmanager.go:26: connection add to ConnManager successfully: conn num = 1
2024/01/24 19:17:25 [INFO]connection.go:515: ZINX CallOnConnStart....
2024/01/24 19:17:25 [INFO]connection.go:213: [Reader Goroutine is running]
2024/01/24 19:17:25 [DEBUG]connection.go:239: read buffer 00002710000000080a06e99480e688b7 
2024/01/24 19:24:37 [ERROR]connection.go:236: read msg head [read datalen=0], error = EOF
2024/01/24 19:24:37 [INFO]connection.go:237: 127.0.0.1:49545 [conn Reader exit!]
2024/01/24 19:24:37 [INFO]connection.go:522: ZINX CallOnConnStop....
2024/01/24 19:24:37 [INFO]connmanager.go:33: connection Remove ConnID=1 successfully: conn num = 0
2024/01/24 19:24:37 [INFO]connection.go:510: Conn Stop()...ConnID = 1
2024/01/24 19:24:48 [INFO]msghandler.go:232: Add Router msgID = 10000
2024/01/24 19:24:48 [INFO]server.go:363: [START] Server name: SceneServer,listener at IP: 0.0.0.0, Port 8999 is starting
2024/01/24 19:24:48 [INFO]msghandler.go:272: Worker ID = 0 is started.
2024/01/24 19:24:48 [INFO]msghandler.go:272: Worker ID = 2 is started.
2024/01/24 19:24:48 [INFO]msghandler.go:272: Worker ID = 3 is started.
2024/01/24 19:24:48 [INFO]msghandler.go:272: Worker ID = 4 is started.
2024/01/24 19:24:48 [INFO]msghandler.go:272: Worker ID = 1 is started.
2024/01/24 19:24:48 [INFO]msghandler.go:272: Worker ID = 5 is started.
2024/01/24 19:24:48 [INFO]msghandler.go:272: Worker ID = 7 is started.
2024/01/24 19:24:48 [INFO]msghandler.go:272: Worker ID = 9 is started.
2024/01/24 19:24:48 [INFO]msghandler.go:272: Worker ID = 6 is started.
2024/01/24 19:24:48 [INFO]msghandler.go:272: Worker ID = 8 is started.
2024/01/24 19:24:51 [INFO]connmanager.go:26: connection add to ConnManager successfully: conn num = 1
2024/01/24 19:24:51 [INFO]connection.go:515: ZINX CallOnConnStart....
2024/01/24 19:24:51 [INFO]connection.go:213: [Reader Goroutine is running]
2024/01/24 19:24:51 [DEBUG]connection.go:239: read buffer 10270000080000000a06e99480e688b7 
2024/01/24 19:24:51 [DEBUG]msghandler.go:175: SendMsgToTaskQueue-->0a06e99480e688b7
2024/01/24 19:26:22 [ERROR]connection.go:236: read msg head [read datalen=0], error = EOF
2024/01/24 19:26:22 [INFO]connection.go:237: 127.0.0.1:49727 [conn Reader exit!]
2024/01/24 19:26:22 [INFO]connection.go:522: ZINX CallOnConnStop....
2024/01/24 19:26:22 [INFO]connmanager.go:33: connection Remove ConnID=1 successfully: conn num = 0
2024/01/24 19:26:22 [INFO]connection.go:510: Conn Stop()...ConnID = 1
2024/01/24 19:26:36 [INFO]msghandler.go:232: Add Router msgID = 10000
2024/01/24 19:26:36 [INFO]server.go:363: [START] Server name: SceneServer,listener at IP: 0.0.0.0, Port 8999 is starting
2024/01/24 19:26:36 [INFO]msghandler.go:272: Worker ID = 1 is started.
2024/01/24 19:26:36 [INFO]msghandler.go:272: Worker ID = 0 is started.
2024/01/24 19:26:36 [INFO]msghandler.go:272: Worker ID = 4 is started.
2024/01/24 19:26:36 [INFO]msghandler.go:272: Worker ID = 2 is started.
2024/01/24 19:26:36 [INFO]msghandler.go:272: Worker ID = 5 is started.
2024/01/24 19:26:36 [INFO]msghandler.go:272: Worker ID = 3 is started.
2024/01/24 19:26:36 [INFO]msghandler.go:272: Worker ID = 7 is started.
2024/01/24 19:26:36 [INFO]msghandler.go:272: Worker ID = 6 is started.
2024/01/24 19:26:36 [INFO]msghandler.go:272: Worker ID = 8 is started.
2024/01/24 19:26:36 [INFO]msghandler.go:272: Worker ID = 9 is started.
2024/01/24 19:26:38 [INFO]connmanager.go:26: connection add to ConnManager successfully: conn num = 1
2024/01/24 19:26:38 [INFO]connection.go:515: ZINX CallOnConnStart....
2024/01/24 19:26:38 [INFO]connection.go:213: [Reader Goroutine is running]
2024/01/24 19:26:38 [DEBUG]connection.go:239: read buffer 10270000080000000a06e99480e688b7 
2024/01/24 19:26:38 [DEBUG]msghandler.go:175: SendMsgToTaskQueue-->0a06e99480e688b7
2024/01/24 19:29:06 [ERROR]connection.go:236: read msg head [read datalen=0], error = EOF
2024/01/24 19:29:06 [INFO]connection.go:237: 127.0.0.1:49763 [conn Reader exit!]
2024/01/24 19:29:06 [INFO]connection.go:522: ZINX CallOnConnStop....
2024/01/24 19:29:06 [INFO]connmanager.go:33: connection Remove ConnID=1 successfully: conn num = 0
2024/01/24 19:29:06 [INFO]connection.go:510: Conn Stop()...ConnID = 1
2024/01/24 19:29:21 [INFO]connmanager.go:26: connection add to ConnManager successfully: conn num = 1
2024/01/24 19:29:21 [INFO]connection.go:515: ZINX CallOnConnStart....
2024/01/24 19:29:21 [INFO]connection.go:213: [Reader Goroutine is running]
2024/01/24 19:29:35 [DEBUG]connection.go:239: read buffer 10270000080000000a06e99480e688b7 
2024/01/24 19:29:35 [DEBUG]msghandler.go:175: SendMsgToTaskQueue-->0a06e99480e688b7
2024/01/24 19:30:01 [DEBUG]connection.go:239: read buffer 10270000080000000a06e99480e688b7 
2024/01/24 19:30:01 [DEBUG]msghandler.go:175: SendMsgToTaskQueue-->0a06e99480e688b7
2024/01/24 19:32:11 [ERROR]connection.go:236: read msg head [read datalen=0], error = EOF
2024/01/24 19:32:11 [INFO]connection.go:237: 127.0.0.1:49830 [conn Reader exit!]
2024/01/24 19:32:11 [INFO]connection.go:522: ZINX CallOnConnStop....
2024/01/24 19:32:11 [INFO]connmanager.go:33: connection Remove ConnID=2 successfully: conn num = 0
2024/01/24 19:32:11 [INFO]connection.go:510: Conn Stop()...ConnID = 2
2024/01/24 19:35:33 [INFO]msghandler.go:232: Add Router msgID = 10000
2024/01/24 19:35:33 [INFO]server.go:363: [START] Server name: SceneServer,listener at IP: 0.0.0.0, Port 8999 is starting
2024/01/24 19:35:33 [INFO]msghandler.go:272: Worker ID = 0 is started.
2024/01/24 19:35:33 [INFO]msghandler.go:272: Worker ID = 3 is started.
2024/01/24 19:35:33 [INFO]msghandler.go:272: Worker ID = 2 is started.
2024/01/24 19:35:33 [INFO]msghandler.go:272: Worker ID = 4 is started.
2024/01/24 19:35:33 [INFO]msghandler.go:272: Worker ID = 5 is started.
2024/01/24 19:35:33 [INFO]msghandler.go:272: Worker ID = 1 is started.
2024/01/24 19:35:33 [INFO]msghandler.go:272: Worker ID = 6 is started.
2024/01/24 19:35:33 [INFO]msghandler.go:272: Worker ID = 7 is started.
2024/01/24 19:35:33 [INFO]msghandler.go:272: Worker ID = 8 is started.
2024/01/24 19:35:33 [INFO]msghandler.go:272: Worker ID = 9 is started.
2024/01/24 19:35:35 [INFO]connmanager.go:26: connection add to ConnManager successfully: conn num = 1
2024/01/24 19:35:35 [INFO]connection.go:515: ZINX CallOnConnStart....
2024/01/24 19:35:35 [INFO]connection.go:213: [Reader Goroutine is running]
2024/01/24 19:35:35 [DEBUG]connection.go:239: read buffer 10270000080000000a06e99480e688b7 
2024/01/24 19:35:35 [DEBUG]msghandler.go:175: SendMsgToTaskQueue-->0a06e99480e688b7
2024/01/24 19:35:52 [ERROR]connection.go:236: read msg head [read datalen=0], error = EOF
2024/01/24 19:35:52 [INFO]connection.go:237: 127.0.0.1:49890 [conn Reader exit!]
2024/01/24 19:35:52 [INFO]connection.go:522: ZINX CallOnConnStop....
2024/01/24 19:35:52 [INFO]connmanager.go:33: connection Remove ConnID=1 successfully: conn num = 0
2024/01/24 19:35:52 [INFO]connection.go:510: Conn Stop()...ConnID = 1
2024/01/24 19:35:55 [INFO]connmanager.go:26: connection add to ConnManager successfully: conn num = 1
2024/01/24 19:35:55 [INFO]connection.go:515: ZINX CallOnConnStart....
2024/01/24 19:35:55 [INFO]connection.go:213: [Reader Goroutine is running]
2024/01/24 19:35:56 [DEBUG]connection.go:239: read buffer 10270000080000000a06e99480e688b7 
2024/01/24 19:35:56 [DEBUG]msghandler.go:175: SendMsgToTaskQueue-->0a06e99480e688b7
2024/01/24 19:39:15 [DEBUG]connection.go:239: read buffer 10270000080000000a06e99480e688b7 
2024/01/24 19:39:15 [DEBUG]msghandler.go:175: SendMsgToTaskQueue-->0a06e99480e688b7
2024/01/24 20:52:06 [INFO]msghandler.go:232: Add Router msgID = 10000
2024/01/24 20:52:06 [INFO]server.go:363: [START] Server name: SceneServer,listener at IP: 0.0.0.0, Port 8999 is starting
2024/01/24 20:52:06 [INFO]msghandler.go:272: Worker ID = 0 is started.
2024/01/24 20:52:06 [INFO]msghandler.go:272: Worker ID = 1 is started.
2024/01/24 20:52:06 [INFO]msghandler.go:272: Worker ID = 6 is started.
2024/01/24 20:52:06 [INFO]msghandler.go:272: Worker ID = 2 is started.
2024/01/24 20:52:06 [INFO]msghandler.go:272: Worker ID = 3 is started.
2024/01/24 20:52:06 [INFO]msghandler.go:272: Worker ID = 5 is started.
2024/01/24 20:52:06 [INFO]msghandler.go:272: Worker ID = 8 is started.
2024/01/24 20:52:06 [INFO]msghandler.go:272: Worker ID = 7 is started.
2024/01/24 20:52:06 [INFO]msghandler.go:272: Worker ID = 9 is started.
2024/01/24 20:52:06 [INFO]msghandler.go:272: Worker ID = 4 is started.
2024/01/24 20:52:15 [INFO]connmanager.go:26: connection add to ConnManager successfully: conn num = 1
2024/01/24 20:52:15 [INFO]connection.go:515: ZINX CallOnConnStart....
2024/01/24 20:52:15 [INFO]connection.go:213: [Reader Goroutine is running]
2024/01/24 20:52:15 [DEBUG]connection.go:239: read buffer 10270000080000000a06e99480e688b7 
2024/01/24 20:52:15 [DEBUG]msghandler.go:175: SendMsgToTaskQueue-->0a06e99480e688b7
2024/01/24 20:56:11 [INFO]msghandler.go:232: Add Router msgID = 10000
2024/01/24 20:56:11 [INFO]server.go:363: [START] Server name: SceneServer,listener at IP: 0.0.0.0, Port 8999 is starting
2024/01/24 20:56:11 [INFO]msghandler.go:272: Worker ID = 0 is started.
2024/01/24 20:56:11 [INFO]msghandler.go:272: Worker ID = 1 is started.
2024/01/24 20:56:11 [INFO]msghandler.go:272: Worker ID = 3 is started.
2024/01/24 20:56:11 [INFO]msghandler.go:272: Worker ID = 2 is started.
2024/01/24 20:56:11 [INFO]msghandler.go:272: Worker ID = 4 is started.
2024/01/24 20:56:11 [INFO]msghandler.go:272: Worker ID = 5 is started.
2024/01/24 20:56:11 [INFO]msghandler.go:272: Worker ID = 6 is started.
2024/01/24 20:56:11 [INFO]msghandler.go:272: Worker ID = 7 is started.
2024/01/24 20:56:11 [INFO]msghandler.go:272: Worker ID = 8 is started.
2024/01/24 20:56:11 [INFO]msghandler.go:272: Worker ID = 9 is started.
2024/01/24 20:56:22 [INFO]connmanager.go:26: connection add to ConnManager successfully: conn num = 1
2024/01/24 20:56:22 [INFO]connection.go:515: ZINX CallOnConnStart....
2024/01/24 20:56:22 [INFO]connection.go:213: [Reader Goroutine is running]
2024/01/24 20:56:24 [DEBUG]connection.go:239: read buffer 10270000080000000a06e99480e688b7 
2024/01/24 20:56:24 [DEBUG]msghandler.go:175: SendMsgToTaskQueue-->0a06e99480e688b7
2024/01/24 20:57:01 [DEBUG]connection.go:239: read buffer 10270000080000000a06e99480e688b7 
2024/01/24 20:57:01 [DEBUG]msghandler.go:175: SendMsgToTaskQueue-->0a06e99480e688b7
